<?xml version="1.0" encoding="UTF-8"?>
<!-- Generated by org.testng.reporters.JUnitXMLReporter -->
<testsuite hostname="DELL-PC" name="Register as new User:: 01" tests="1" failures="1" timestamp="27 Sep 2018 06:48:04 GMT" time="131.968" errors="0">
  <testcase name="register_med_max" time="80.509" classname="com.index.GeneralIndex">
    <failure type="java.lang.NullPointerException">
      <![CDATA[java.lang.NullPointerException
	at org.openqa.selenium.support.pagefactory.internal.LocatingElementHandler.invoke(LocatingElementHandler.java:51)
	at com.sun.proxy.$Proxy8.toString(Unknown Source)
	at java.lang.String.valueOf(String.java:2985)
	at java.lang.StringBuilder.append(StringBuilder.java:131)
	at org.openqa.selenium.support.ui.ExpectedConditions$10.toString(ExpectedConditions.java:306)
	at java.lang.String.valueOf(String.java:2985)
	at java.lang.StringBuilder.append(StringBuilder.java:131)
	at org.openqa.selenium.support.ui.FluentWait.until(FluentWait.java:267)
	at com.init.Commonnew.clickonelementlink(Commonnew.java:1342)
	at com.indexpage.GeneralIndexpage.medmax_click_on_register(GeneralIndexpage.java:2165)
	at com.index.GeneralIndex.register_med_max(GeneralIndex.java:1336)
	at java.util.concurrent.FutureTask.run(FutureTask.java:266)
	at java.util.concurrent.ThreadPoolExecutor.runWorker(ThreadPoolExecutor.java:1142)
	at java.util.concurrent.ThreadPoolExecutor$Worker.run(ThreadPoolExecutor.java:617)
	at java.lang.Thread.run(Thread.java:744)
... Removed 20 stack frames]]>
    </failure>
  </testcase> <!-- register_med_max -->
</testsuite> <!-- Register as new User:: 01 -->
