<?xml version="1.0" encoding="UTF-8"?>
<testng-results skipped="0" failed="1" total="1" passed="0">
  <reporter-output>
    <line>
      <![CDATA[<strong> <h3 style="color:DarkViolet"> To verify that user is able to Register</h3> </strong>]]>
    </line>
    <line>
      <![CDATA[<strong> <h3 style="color:DarkViolet"> --------------------------------------------------------------------------</h3> </strong>]]>
    </line>
    <line>
      <![CDATA[<br><strong>Step 1. open : http://medmaxpharmacy.com/</strong></br>]]>
    </line>
    <line>
      <![CDATA[<br><strong>Step 2. Click on Register Button</strong></br>]]>
    </line>
    <line>
      <![CDATA[<br> <b>Please look to the screenshot - </b>]]>
    </line>
  </reporter-output>
  <suite name="Med Max - Test Suite 1" duration-ms="131968" started-at="2018-09-27T06:45:52Z" finished-at="2018-09-27T06:48:04Z">
    <groups>
    </groups>
    <test name="Register as new User:: 01" duration-ms="131968" started-at="2018-09-27T06:45:52Z" finished-at="2018-09-27T06:48:04Z">
      <class name="com.index.GeneralIndex">
        <test-method status="PASS" signature="fetchSuiteConfiguration(org.testng.ITestContext)[pri:0, instance:com.index.GeneralIndex@6eebc39e]" name="fetchSuiteConfiguration" is-config="true" duration-ms="9" started-at="2018-09-27T12:15:52Z" finished-at="2018-09-27T12:15:52Z">
          <params>
            <param index="0">
              <value>
                <![CDATA[org.testng.TestRunner@13a5fe33]]>
              </value>
            </param>
          </params>
          <reporter-output>
          </reporter-output>
        </test-method> <!-- fetchSuiteConfiguration -->
        <test-method status="PASS" signature="setUp(java.lang.reflect.Method, org.testng.ITestContext)[pri:0, instance:com.index.GeneralIndex@6eebc39e]" name="setUp" is-config="true" duration-ms="49703" started-at="2018-09-27T12:15:52Z" finished-at="2018-09-27T12:16:42Z">
          <params>
            <param index="0">
              <value>
                <![CDATA[public void com.index.GeneralIndex.register_med_max()]]>
              </value>
            </param>
            <param index="1">
              <value>
                <![CDATA[org.testng.TestRunner@13a5fe33]]>
              </value>
            </param>
          </params>
          <reporter-output>
          </reporter-output>
        </test-method> <!-- setUp -->
        <test-method status="FAIL" signature="register_med_max()[pri:0, instance:com.index.GeneralIndex@6eebc39e]" name="register_med_max" duration-ms="80509" started-at="2018-09-27T12:16:42Z" finished-at="2018-09-27T12:18:02Z">
          <exception class="java.lang.NullPointerException">
            <full-stacktrace>
              <![CDATA[java.lang.NullPointerException
	at sun.reflect.NativeMethodAccessorImpl.invoke0(Native Method)
	at sun.reflect.NativeMethodAccessorImpl.invoke(NativeMethodAccessorImpl.java:57)
	at sun.reflect.DelegatingMethodAccessorImpl.invoke(DelegatingMethodAccessorImpl.java:43)
	at java.lang.reflect.Method.invoke(Method.java:483)
	at org.openqa.selenium.support.pagefactory.internal.LocatingElementHandler.invoke(LocatingElementHandler.java:51)
	at com.sun.proxy.$Proxy8.toString(Unknown Source)
	at java.lang.String.valueOf(String.java:2985)
	at java.lang.StringBuilder.append(StringBuilder.java:131)
	at org.openqa.selenium.support.ui.ExpectedConditions$10.toString(ExpectedConditions.java:306)
	at java.lang.String.valueOf(String.java:2985)
	at java.lang.StringBuilder.append(StringBuilder.java:131)
	at org.openqa.selenium.support.ui.FluentWait.until(FluentWait.java:267)
	at com.init.Commonnew.clickonelementlink(Commonnew.java:1342)
	at com.indexpage.GeneralIndexpage.medmax_click_on_register(GeneralIndexpage.java:2165)
	at com.index.GeneralIndex.register_med_max(GeneralIndex.java:1336)
	at sun.reflect.NativeMethodAccessorImpl.invoke0(Native Method)
	at sun.reflect.NativeMethodAccessorImpl.invoke(NativeMethodAccessorImpl.java:57)
	at sun.reflect.DelegatingMethodAccessorImpl.invoke(DelegatingMethodAccessorImpl.java:43)
	at java.lang.reflect.Method.invoke(Method.java:483)
	at org.testng.internal.MethodInvocationHelper.invokeMethod(MethodInvocationHelper.java:84)
	at org.testng.internal.Invoker.invokeMethod(Invoker.java:714)
	at org.testng.internal.Invoker.invokeTestMethod(Invoker.java:901)
	at org.testng.internal.Invoker.invokeTestMethods(Invoker.java:1231)
	at org.testng.internal.TestMethodWorker.invokeTestMethods(TestMethodWorker.java:127)
	at org.testng.internal.TestMethodWorker.run(TestMethodWorker.java:111)
	at org.testng.TestRunner.privateRun(TestRunner.java:767)
	at org.testng.TestRunner.run(TestRunner.java:617)
	at org.testng.SuiteRunner.runTest(SuiteRunner.java:348)
	at org.testng.SuiteRunner.access$000(SuiteRunner.java:38)
	at org.testng.SuiteRunner$SuiteWorker.run(SuiteRunner.java:382)
	at org.testng.internal.thread.ThreadUtil$2.call(ThreadUtil.java:64)
	at java.util.concurrent.FutureTask.run(FutureTask.java:266)
	at java.util.concurrent.ThreadPoolExecutor.runWorker(ThreadPoolExecutor.java:1142)
	at java.util.concurrent.ThreadPoolExecutor$Worker.run(ThreadPoolExecutor.java:617)
	at java.lang.Thread.run(Thread.java:744)
]]>
            </full-stacktrace>
          </exception> <!-- java.lang.NullPointerException -->
          <reporter-output>
            <line>
              <![CDATA[<strong> <h3 style="color:DarkViolet"> To verify that user is able to Register</h3> </strong>]]>
            </line>
            <line>
              <![CDATA[<strong> <h3 style="color:DarkViolet"> --------------------------------------------------------------------------</h3> </strong>]]>
            </line>
            <line>
              <![CDATA[<br><strong>Step 1. open : http://medmaxpharmacy.com/</strong></br>]]>
            </line>
            <line>
              <![CDATA[<br><strong>Step 2. Click on Register Button</strong></br>]]>
            </line>
            <line>
              <![CDATA[<br> <b>Please look to the screenshot - </b>]]>
            </line>
          </reporter-output>
        </test-method> <!-- register_med_max -->
        <test-method status="PASS" signature="tearDown(org.testng.ITestResult)[pri:0, instance:com.index.GeneralIndex@6eebc39e]" name="tearDown" is-config="true" duration-ms="1719" started-at="2018-09-27T12:18:02Z" finished-at="2018-09-27T12:18:04Z">
          <params>
            <param index="0">
              <value>
                <![CDATA[[TestResult name=register_med_max status=FAILURE method=GeneralIndex.register_med_max()[pri:0, instance:com.index.GeneralIndex@6eebc39e] output=<strong> <h3 style="color:DarkViolet"> To verify that user is able to Register</h3> </strong>]]]>
              </value>
            </param>
          </params>
          <reporter-output>
          </reporter-output>
        </test-method> <!-- tearDown -->
      </class> <!-- com.index.GeneralIndex -->
    </test> <!-- Register as new User:: 01 -->
  </suite> <!-- Med Max - Test Suite 1 -->
</testng-results>
