<?xml version="1.0" encoding="UTF-8"?>
<!-- Generated by org.testng.reporters.JUnitXMLReporter -->
<testsuite hostname="DELL-PC" name="Create a package using IBM Digital Contracts Demo v. 1 workflow  borrowe with Guarantor and relationship manager:: 01" tests="1" failures="1" timestamp="27 Sep 2018 06:38:58 GMT" time="182.06" errors="0">
  <testcase name="TC_DB_01" time="116.157" classname="com.index.GeneralIndex">
    <failure type="org.openqa.selenium.WebDriverException" message="unknown error: session deleted because of page crash
from tab crashed
  (Session info: chrome=68.0.3440.91)
  (Driver info: chromedriver=2.37.544315 (730aa6a5fdba159ac9f4c1e8cbc59bf1b5ce12b7),platform=Windows NT 6.1.7601 SP1 x86_64) (WARNING: The server did not provide any stacktrace information)
Command duration or timeout: 0 milliseconds
Build info: version: &amp;apos;3.13.0&amp;apos;, revision: &amp;apos;2f0d292&amp;apos;, time: &amp;apos;2018-06-25T15:24:21.231Z&amp;apos;
System info: host: &amp;apos;DELL-PC&amp;apos;, ip: &amp;apos;192.168.1.149&amp;apos;, os.name: &amp;apos;Windows 7&amp;apos;, os.arch: &amp;apos;amd64&amp;apos;, os.version: &amp;apos;6.1&amp;apos;, java.version: &amp;apos;1.8.0-ea&amp;apos;
Driver info: org.openqa.selenium.remote.RemoteWebDriver
Capabilities {autoGrantPermissions: true, browserName: Chrome, databaseEnabled: false, desired: {autoGrantPermissions: true, browserName: Chrome, deviceName: TA09407DYT, newCommandTimeout: 600, noReset: false, platformName: Android, platformVersion: 6.0, resetKeyboard: true, unicodeKeyboard: true}, deviceManufacturer: motorola, deviceModel: XT1700, deviceName: HKE6GZ7D, deviceScreenSize: 720x1280, deviceUDID: HKE6GZ7D, javascriptEnabled: true, locationContextEnabled: false, networkConnectionEnabled: true, newCommandTimeout: 600, noReset: false, platform: LINUX, platformName: LINUX, platformVersion: 6.0, resetKeyboard: true, takesScreenshot: true, unicodeKeyboard: true, warnings: {}, webStorageEnabled: false}
Session ID: 3aa6f099-2e4a-4300-8ff8-5c5bb553a5ec
*** Element info: {Using=xpath, value=//button[@id=&amp;apos;sendPackage&amp;apos;]}">
      <![CDATA[org.openqa.selenium.WebDriverException: unknown error: session deleted because of page crash
from tab crashed
  (Session info: chrome=68.0.3440.91)
  (Driver info: chromedriver=2.37.544315 (730aa6a5fdba159ac9f4c1e8cbc59bf1b5ce12b7),platform=Windows NT 6.1.7601 SP1 x86_64) (WARNING: The server did not provide any stacktrace information)
Command duration or timeout: 0 milliseconds
Build info: version: '3.13.0', revision: '2f0d292', time: '2018-06-25T15:24:21.231Z'
System info: host: 'DELL-PC', ip: '192.168.1.149', os.name: 'Windows 7', os.arch: 'amd64', os.version: '6.1', java.version: '1.8.0-ea'
Driver info: org.openqa.selenium.remote.RemoteWebDriver
Capabilities {autoGrantPermissions: true, browserName: Chrome, databaseEnabled: false, desired: {autoGrantPermissions: true, browserName: Chrome, deviceName: TA09407DYT, newCommandTimeout: 600, noReset: false, platformName: Android, platformVersion: 6.0, resetKeyboard: true, unicodeKeyboard: true}, deviceManufacturer: motorola, deviceModel: XT1700, deviceName: HKE6GZ7D, deviceScreenSize: 720x1280, deviceUDID: HKE6GZ7D, javascriptEnabled: true, locationContextEnabled: false, networkConnectionEnabled: true, newCommandTimeout: 600, noReset: false, platform: LINUX, platformName: LINUX, platformVersion: 6.0, resetKeyboard: true, takesScreenshot: true, unicodeKeyboard: true, warnings: {}, webStorageEnabled: false}
Session ID: 3aa6f099-2e4a-4300-8ff8-5c5bb553a5ec
*** Element info: {Using=xpath, value=//button[@id='sendPackage']}
	at org.openqa.selenium.remote.ErrorHandler.createThrowable(ErrorHandler.java:214)
	at org.openqa.selenium.remote.ErrorHandler.throwIfResponseFailed(ErrorHandler.java:166)
	at org.openqa.selenium.remote.http.JsonHttpResponseCodec.reconstructValue(JsonHttpResponseCodec.java:40)
	at org.openqa.selenium.remote.http.AbstractHttpResponseCodec.decode(AbstractHttpResponseCodec.java:80)
	at org.openqa.selenium.remote.http.AbstractHttpResponseCodec.decode(AbstractHttpResponseCodec.java:44)
	at org.openqa.selenium.remote.HttpCommandExecutor.execute(HttpCommandExecutor.java:158)
	at org.openqa.selenium.remote.RemoteWebDriver.execute(RemoteWebDriver.java:548)
	at org.openqa.selenium.remote.RemoteWebDriver.findElement(RemoteWebDriver.java:322)
	at org.openqa.selenium.remote.RemoteWebDriver.findElementByXPath(RemoteWebDriver.java:424)
	at org.openqa.selenium.By$ByXPath.findElement(By.java:353)
	at org.openqa.selenium.remote.RemoteWebDriver.findElement(RemoteWebDriver.java:314)
	at org.openqa.selenium.support.pagefactory.DefaultElementLocator.findElement(DefaultElementLocator.java:69)
	at org.openqa.selenium.support.pagefactory.AjaxElementLocator.access$001(AjaxElementLocator.java:40)
	at org.openqa.selenium.support.pagefactory.AjaxElementLocator$SlowLoadingElement.isLoaded(AjaxElementLocator.java:156)
	at org.openqa.selenium.support.ui.SlowLoadableComponent.get(SlowLoadableComponent.java:48)
	at org.openqa.selenium.support.pagefactory.AjaxElementLocator.findElement(AjaxElementLocator.java:86)
	at org.openqa.selenium.support.pagefactory.internal.LocatingElementHandler.invoke(LocatingElementHandler.java:38)
	at com.sun.proxy.$Proxy8.isDisplayed(Unknown Source)
	at org.openqa.selenium.support.ui.ExpectedConditions.elementIfVisible(ExpectedConditions.java:315)
	at org.openqa.selenium.support.ui.ExpectedConditions.access$100(ExpectedConditions.java:44)
	at org.openqa.selenium.support.ui.ExpectedConditions$10.apply(ExpectedConditions.java:301)
	at org.openqa.selenium.support.ui.ExpectedConditions$10.apply(ExpectedConditions.java:298)
	at org.openqa.selenium.support.ui.ExpectedConditions$23.apply(ExpectedConditions.java:686)
	at org.openqa.selenium.support.ui.ExpectedConditions$23.apply(ExpectedConditions.java:682)
	at org.openqa.selenium.support.ui.FluentWait.until(FluentWait.java:248)
	at com.init.Commonnew.clickonelement(Commonnew.java:1331)
	at com.indexpage.GeneralIndexpage.esign_clickonsendnowbutton(GeneralIndexpage.java:1578)
	at com.index.GeneralIndex.TC_DB_01(GeneralIndex.java:1172)
	at java.util.concurrent.FutureTask.run(FutureTask.java:266)
	at java.util.concurrent.ThreadPoolExecutor.runWorker(ThreadPoolExecutor.java:1142)
	at java.util.concurrent.ThreadPoolExecutor$Worker.run(ThreadPoolExecutor.java:617)
	at java.lang.Thread.run(Thread.java:744)
... Removed 20 stack frames]]>
    </failure>
  </testcase> <!-- TC_DB_01 -->
</testsuite> <!-- Create a package using IBM Digital Contracts Demo v. 1 workflow  borrowe with Guarantor and relationship manager:: 01 -->
